<?xml version="1.0" encoding="UTF-8"?>
<!-- Generated by org.testng.reporters.JUnitReportReporter -->
<testsuite hostname="Prasad" failures="0" tests="1" name="Testcases.LoginTestcase" time="11.801" errors="0" timestamp="2022-03-03T17:07:31 IST" skipped="0">
  <testcase classname="Testcases.LoginTestcase" name="init" time="11.801"/>
  <system-out/>
</testsuite> <!-- Testcases.LoginTestcase -->
