<?xml version="1.0" encoding="UTF-8"?>
<!-- Generated by org.testng.reporters.JUnitReportReporter -->
<testsuite hostname="Prasad" failures="0" tests="1" name="Testcases.LoginTestcase" time="11.488" errors="0" timestamp="2022-03-04T19:29:18 IST" skipped="0">
  <testcase classname="Testcases.LoginTestcase" name="init" time="11.488"/>
  <system-out/>
</testsuite> <!-- Testcases.LoginTestcase -->
